::1 - - [19/Sep/2020:05:28:28 +0000] "GET / HTTP/1.1" 500 2050 "-" "Mozilla/5.0 (Windows NT 10.0; Win64; x64) AppleWebKit/537.36 (KHTML, like Gecko) Chrome/85.0.4183.102 Safari/537.36"
::1 - - [19/Sep/2020:05:28:48 +0000] "GET /api/users HTTP/1.1" 500 2268 "-" "Mozilla/5.0 (Windows NT 10.0; Win64; x64) AppleWebKit/537.36 (KHTML, like Gecko) Chrome/85.0.4183.102 Safari/537.36"
::1 - - [19/Sep/2020:05:30:55 +0000] "GET /api/users HTTP/1.1" 200 47 "-" "Mozilla/5.0 (Windows NT 10.0; Win64; x64) AppleWebKit/537.36 (KHTML, like Gecko) Chrome/85.0.4183.102 Safari/537.36"
::1 - - [19/Sep/2020:05:31:36 +0000] "GET / HTTP/1.1" 500 2050 "-" "Mozilla/5.0 (Windows NT 10.0; Win64; x64) AppleWebKit/537.36 (KHTML, like Gecko) Chrome/85.0.4183.102 Safari/537.36"
::1 - - [19/Sep/2020:05:32:24 +0000] "GET / HTTP/1.1" 500 2270 "-" "Mozilla/5.0 (Windows NT 10.0; Win64; x64) AppleWebKit/537.36 (KHTML, like Gecko) Chrome/85.0.4183.102 Safari/537.36"
::1 - - [19/Sep/2020:05:32:26 +0000] "GET / HTTP/1.1" 500 2270 "-" "Mozilla/5.0 (Windows NT 10.0; Win64; x64) AppleWebKit/537.36 (KHTML, like Gecko) Chrome/85.0.4183.102 Safari/537.36"
::1 - - [19/Sep/2020:05:33:18 +0000] "GET / HTTP/1.1" 500 2051 "-" "Mozilla/5.0 (Windows NT 10.0; Win64; x64) AppleWebKit/537.36 (KHTML, like Gecko) Chrome/85.0.4183.102 Safari/537.36"
::1 - - [19/Sep/2020:05:33:23 +0000] "GET / HTTP/1.1" 500 2051 "-" "Mozilla/5.0 (Windows NT 10.0; Win64; x64) AppleWebKit/537.36 (KHTML, like Gecko) Chrome/85.0.4183.102 Safari/537.36"
::1 - - [19/Sep/2020:05:33:33 +0000] "GET / HTTP/1.1" 500 2051 "-" "Mozilla/5.0 (Windows NT 10.0; Win64; x64) AppleWebKit/537.36 (KHTML, like Gecko) Chrome/85.0.4183.102 Safari/537.36"
::1 - - [19/Sep/2020:05:33:40 +0000] "GET /api/users HTTP/1.1" 304 - "-" "Mozilla/5.0 (Windows NT 10.0; Win64; x64) AppleWebKit/537.36 (KHTML, like Gecko) Chrome/85.0.4183.102 Safari/537.36"
::1 - - [19/Sep/2020:05:33:44 +0000] "GET / HTTP/1.1" 500 2051 "-" "Mozilla/5.0 (Windows NT 10.0; Win64; x64) AppleWebKit/537.36 (KHTML, like Gecko) Chrome/85.0.4183.102 Safari/537.36"
::1 - - [19/Sep/2020:05:33:49 +0000] "GET / HTTP/1.1" 500 2051 "-" "Mozilla/5.0 (Windows NT 10.0; Win64; x64) AppleWebKit/537.36 (KHTML, like Gecko) Chrome/85.0.4183.102 Safari/537.36"
::1 - - [19/Sep/2020:05:34:31 +0000] "GET / HTTP/1.1" 500 2051 "-" "Mozilla/5.0 (Windows NT 10.0; Win64; x64) AppleWebKit/537.36 (KHTML, like Gecko) Chrome/85.0.4183.102 Safari/537.36"
::1 - - [19/Sep/2020:05:34:31 +0000] "GET / HTTP/1.1" 500 2051 "-" "Mozilla/5.0 (Windows NT 10.0; Win64; x64) AppleWebKit/537.36 (KHTML, like Gecko) Chrome/85.0.4183.102 Safari/537.36"
::1 - - [19/Sep/2020:05:34:41 +0000] "GET / HTTP/1.1" 500 2051 "-" "Mozilla/5.0 (Windows NT 10.0; Win64; x64) AppleWebKit/537.36 (KHTML, like Gecko) Chrome/85.0.4183.102 Safari/537.36"
::1 - - [19/Sep/2020:05:34:49 +0000] "GET /api/users HTTP/1.1" 304 - "-" "Mozilla/5.0 (Windows NT 10.0; Win64; x64) AppleWebKit/537.36 (KHTML, like Gecko) Chrome/85.0.4183.102 Safari/537.36"
::1 - - [19/Sep/2020:05:35:25 +0000] "GET /api/users HTTP/1.1" 304 - "-" "Mozilla/5.0 (Windows NT 10.0; Win64; x64) AppleWebKit/537.36 (KHTML, like Gecko) Chrome/85.0.4183.102 Safari/537.36"
::1 - - [19/Sep/2020:05:35:27 +0000] "GET /api/users HTTP/1.1" 304 - "-" "Mozilla/5.0 (Windows NT 10.0; Win64; x64) AppleWebKit/537.36 (KHTML, like Gecko) Chrome/85.0.4183.102 Safari/537.36"
::1 - - [19/Sep/2020:05:35:37 +0000] "GET /api/users HTTP/1.1" 200 45 "-" "Mozilla/5.0 (Windows NT 10.0; Win64; x64) AppleWebKit/537.36 (KHTML, like Gecko) Chrome/85.0.4183.102 Safari/537.36"
::1 - - [19/Sep/2020:05:35:38 +0000] "GET /api/users HTTP/1.1" 304 - "-" "Mozilla/5.0 (Windows NT 10.0; Win64; x64) AppleWebKit/537.36 (KHTML, like Gecko) Chrome/85.0.4183.102 Safari/537.36"
::1 - - [19/Sep/2020:05:35:43 +0000] "GET /api/users HTTP/1.1" 304 - "-" "Mozilla/5.0 (Windows NT 10.0; Win64; x64) AppleWebKit/537.36 (KHTML, like Gecko) Chrome/85.0.4183.102 Safari/537.36"
::1 - - [19/Sep/2020:05:36:06 +0000] "GET /api/users HTTP/1.1" 200 2 "-" "Mozilla/5.0 (Windows NT 10.0; Win64; x64) AppleWebKit/537.36 (KHTML, like Gecko) Chrome/85.0.4183.102 Safari/537.36"
::1 - - [19/Sep/2020:05:36:21 +0000] "GET / HTTP/1.1" 500 2051 "-" "Mozilla/5.0 (Windows NT 10.0; Win64; x64) AppleWebKit/537.36 (KHTML, like Gecko) Chrome/85.0.4183.102 Safari/537.36"
::1 - - [19/Sep/2020:05:36:31 +0000] "GET / HTTP/1.1" 500 2051 "-" "Mozilla/5.0 (Windows NT 10.0; Win64; x64) AppleWebKit/537.36 (KHTML, like Gecko) Chrome/85.0.4183.102 Safari/537.36"
::1 - - [19/Sep/2020:05:37:33 +0000] "GET / HTTP/1.1" 200 19 "-" "Mozilla/5.0 (Windows NT 10.0; Win64; x64) AppleWebKit/537.36 (KHTML, like Gecko) Chrome/85.0.4183.102 Safari/537.36"
::1 - - [19/Sep/2020:05:38:03 +0000] "GET / HTTP/1.1" 304 - "-" "Mozilla/5.0 (Windows NT 10.0; Win64; x64) AppleWebKit/537.36 (KHTML, like Gecko) Chrome/85.0.4183.102 Safari/537.36"
::1 - - [19/Sep/2020:05:38:08 +0000] "GET /api/users HTTP/1.1" 404 2203 "-" "Mozilla/5.0 (Windows NT 10.0; Win64; x64) AppleWebKit/537.36 (KHTML, like Gecko) Chrome/85.0.4183.102 Safari/537.36"
::1 - - [19/Sep/2020:05:38:39 +0000] "GET /users HTTP/1.1" 200 2 "-" "Mozilla/5.0 (Windows NT 10.0; Win64; x64) AppleWebKit/537.36 (KHTML, like Gecko) Chrome/85.0.4183.102 Safari/537.36"
::1 - - [19/Sep/2020:05:42:37 +0000] "GET /knex HTTP/1.1" 200 27 "-" "Mozilla/5.0 (Windows NT 10.0; Win64; x64) AppleWebKit/537.36 (KHTML, like Gecko) Chrome/85.0.4183.102 Safari/537.36"
::1 - - [19/Sep/2020:06:22:28 +0000] "GET /users HTTP/1.1" 200 2 "-" "Mozilla/5.0 (Windows NT 10.0; Win64; x64) AppleWebKit/537.36 (KHTML, like Gecko) Chrome/85.0.4183.102 Safari/537.36"
::1 - - [19/Sep/2020:06:22:29 +0000] "GET /users HTTP/1.1" 304 - "-" "Mozilla/5.0 (Windows NT 10.0; Win64; x64) AppleWebKit/537.36 (KHTML, like Gecko) Chrome/85.0.4183.102 Safari/537.36"
::1 - - [19/Sep/2020:06:23:10 +0000] "GET /users HTTP/1.1" 304 - "-" "Mozilla/5.0 (Windows NT 10.0; Win64; x64) AppleWebKit/537.36 (KHTML, like Gecko) Chrome/85.0.4183.102 Safari/537.36"
::1 - - [19/Sep/2020:06:23:13 +0000] "GET /users/test HTTP/1.1" 404 2229 "-" "Mozilla/5.0 (Windows NT 10.0; Win64; x64) AppleWebKit/537.36 (KHTML, like Gecko) Chrome/85.0.4183.102 Safari/537.36"
::1 - - [19/Sep/2020:06:23:25 +0000] "GET /users/test HTTP/1.1" 404 2229 "-" "Mozilla/5.0 (Windows NT 10.0; Win64; x64) AppleWebKit/537.36 (KHTML, like Gecko) Chrome/85.0.4183.102 Safari/537.36"
::1 - - [19/Sep/2020:06:23:29 +0000] "GET /users/test HTTP/1.1" 200 16 "-" "Mozilla/5.0 (Windows NT 10.0; Win64; x64) AppleWebKit/537.36 (KHTML, like Gecko) Chrome/85.0.4183.102 Safari/537.36"
::1 - - [19/Sep/2020:06:25:16 +0000] "POST /users/register HTTP/1.1" - - "-" "PostmanRuntime/7.26.5"
::1 - - [19/Sep/2020:06:26:21 +0000] "POST /users/register HTTP/1.1" - - "-" "PostmanRuntime/7.26.5"
::1 - - [19/Sep/2020:06:28:49 +0000] "POST /users/register HTTP/1.1" 201 37 "-" "PostmanRuntime/7.26.5"
::1 - - [19/Sep/2020:06:40:22 +0000] "POST /test HTTP/1.1" 404 2229 "-" "PostmanRuntime/7.26.5"
::1 - - [19/Sep/2020:06:40:33 +0000] "GET /test HTTP/1.1" 200 16 "-" "PostmanRuntime/7.26.5"
::1 - - [19/Sep/2020:06:40:38 +0000] "POST /register HTTP/1.1" 400 47 "-" "PostmanRuntime/7.26.5"
::1 - - [19/Sep/2020:06:50:22 +0000] "POST /register HTTP/1.1" 400 47 "-" "PostmanRuntime/7.26.5"
::1 - - [19/Sep/2020:06:51:13 +0000] "POST /register HTTP/1.1" 400 47 "-" "PostmanRuntime/7.26.5"
::1 - - [19/Sep/2020:06:51:27 +0000] "POST /register HTTP/1.1" 201 37 "-" "PostmanRuntime/7.26.5"
::1 - - [19/Sep/2020:06:52:51 +0000] "POST /register HTTP/1.1" 200 70 "-" "PostmanRuntime/7.26.5"
::1 - - [19/Sep/2020:06:53:09 +0000] "POST /register HTTP/1.1" 400 61 "-" "PostmanRuntime/7.26.5"
::1 - - [19/Sep/2020:06:54:24 +0000] "POST /login HTTP/1.1" - - "-" "PostmanRuntime/7.26.5"
::1 - - [19/Sep/2020:06:58:14 +0000] "POST /register HTTP/1.1" 400 61 "-" "PostmanRuntime/7.26.5"
::1 - - [19/Sep/2020:07:03:37 +0000] "POST /login HTTP/1.1" - - "-" "PostmanRuntime/7.26.5"
::1 - - [19/Sep/2020:07:08:44 +0000] "POST /login HTTP/1.1" - - "-" "PostmanRuntime/7.26.5"
::1 - - [19/Sep/2020:07:08:56 +0000] "POST /login HTTP/1.1" - - "-" "PostmanRuntime/7.26.5"
::1 - - [19/Sep/2020:07:09:14 +0000] "POST /login HTTP/1.1" - - "-" "PostmanRuntime/7.26.5"
::1 - - [19/Sep/2020:07:09:35 +0000] "POST /login HTTP/1.1" - - "-" "PostmanRuntime/7.26.5"
::1 - - [19/Sep/2020:07:10:39 +0000] "POST /login HTTP/1.1" - - "-" "PostmanRuntime/7.26.5"
::1 - - [19/Sep/2020:07:10:57 +0000] "POST /login HTTP/1.1" - - "-" "PostmanRuntime/7.26.5"
::1 - - [19/Sep/2020:07:17:35 +0000] "POST /login HTTP/1.1" 401 41 "-" "PostmanRuntime/7.26.5"
::1 - - [19/Sep/2020:07:17:51 +0000] "POST /login HTTP/1.1" 401 41 "-" "PostmanRuntime/7.26.5"
::1 - - [19/Sep/2020:07:18:15 +0000] "POST /login HTTP/1.1" 401 41 "-" "PostmanRuntime/7.26.5"
::1 - - [19/Sep/2020:07:18:42 +0000] "POST /register HTTP/1.1" 200 70 "-" "PostmanRuntime/7.26.5"
::1 - - [19/Sep/2020:07:18:54 +0000] "POST /login HTTP/1.1" 401 41 "-" "PostmanRuntime/7.26.5"
::1 - - [19/Sep/2020:07:20:16 +0000] "POST /login HTTP/1.1" 401 41 "-" "PostmanRuntime/7.26.5"
::1 - - [19/Sep/2020:07:20:29 +0000] "POST /login HTTP/1.1" 401 41 "-" "PostmanRuntime/7.26.5"
::1 - - [19/Sep/2020:07:21:42 +0000] "POST /login HTTP/1.1" 401 41 "-" "PostmanRuntime/7.26.5"
::1 - - [19/Sep/2020:07:22:47 +0000] "POST /login HTTP/1.1" 200 382 "-" "PostmanRuntime/7.26.5"
::1 - - [19/Sep/2020:07:54:51 +0000] "OPTIONS / HTTP/1.1" 200 8 "http://localhost:4200/" "Mozilla/5.0 (Windows NT 10.0; Win64; x64) AppleWebKit/537.36 (KHTML, like Gecko) Chrome/85.0.4183.102 Safari/537.36"
::1 - - [19/Sep/2020:07:55:43 +0000] "OPTIONS / HTTP/1.1" 200 8 "http://localhost:4200/" "Mozilla/5.0 (Windows NT 10.0; Win64; x64) AppleWebKit/537.36 (KHTML, like Gecko) Chrome/85.0.4183.102 Safari/537.36"
::1 - - [19/Sep/2020:07:58:19 +0000] "OPTIONS / HTTP/1.1" 200 8 "http://localhost:4200/" "Mozilla/5.0 (Windows NT 10.0; Win64; x64) AppleWebKit/537.36 (KHTML, like Gecko) Chrome/85.0.4183.102 Safari/537.36"
::1 - - [19/Sep/2020:07:58:25 +0000] "OPTIONS / HTTP/1.1" 200 8 "http://localhost:4200/" "Mozilla/5.0 (Windows NT 10.0; Win64; x64) AppleWebKit/537.36 (KHTML, like Gecko) Chrome/85.0.4183.102 Safari/537.36"
::1 - - [19/Sep/2020:07:58:32 +0000] "POST /login HTTP/1.1" 200 208 "-" "PostmanRuntime/7.26.5"
::1 - - [19/Sep/2020:08:00:29 +0000] "OPTIONS / HTTP/1.1" 200 8 "http://localhost:4200/" "Mozilla/5.0 (Windows NT 10.0; Win64; x64) AppleWebKit/537.36 (KHTML, like Gecko) Chrome/85.0.4183.102 Safari/537.36"
::1 - - [19/Sep/2020:08:03:48 +0000] "POST / HTTP/1.1" 404 2229 "http://localhost:4200/" "Mozilla/5.0 (Windows NT 10.0; Win64; x64) AppleWebKit/537.36 (KHTML, like Gecko) Chrome/85.0.4183.102 Safari/537.36"
::1 - - [19/Sep/2020:08:03:54 +0000] "GET / HTTP/1.1" 304 - "-" "Mozilla/5.0 (Windows NT 10.0; Win64; x64) AppleWebKit/537.36 (KHTML, like Gecko) Chrome/85.0.4183.102 Safari/537.36"
::1 - - [19/Sep/2020:08:03:59 +0000] "GET /login HTTP/1.1" 404 2229 "-" "Mozilla/5.0 (Windows NT 10.0; Win64; x64) AppleWebKit/537.36 (KHTML, like Gecko) Chrome/85.0.4183.102 Safari/537.36"
::1 - - [19/Sep/2020:08:05:08 +0000] "POST /login HTTP/1.1" 200 208 "http://localhost:4200/" "Mozilla/5.0 (Windows NT 10.0; Win64; x64) AppleWebKit/537.36 (KHTML, like Gecko) Chrome/85.0.4183.102 Safari/537.36"
::1 - - [19/Sep/2020:12:33:51 +0000] "POST /login HTTP/1.1" 200 208 "http://localhost:4200/" "Mozilla/5.0 (Windows NT 10.0; Win64; x64) AppleWebKit/537.36 (KHTML, like Gecko) Chrome/85.0.4183.102 Safari/537.36"
::1 - - [19/Sep/2020:12:33:52 +0000] "POST /login HTTP/1.1" 401 41 "http://localhost:4200/" "Mozilla/5.0 (Windows NT 10.0; Win64; x64) AppleWebKit/537.36 (KHTML, like Gecko) Chrome/85.0.4183.102 Safari/537.36"
::1 - - [19/Sep/2020:12:34:40 +0000] "POST /login HTTP/1.1" 401 54 "http://localhost:4200/" "Mozilla/5.0 (Windows NT 10.0; Win64; x64) AppleWebKit/537.36 (KHTML, like Gecko) Chrome/85.0.4183.102 Safari/537.36"
::1 - - [19/Sep/2020:12:34:45 +0000] "POST /login HTTP/1.1" 401 54 "http://localhost:4200/" "Mozilla/5.0 (Windows NT 10.0; Win64; x64) AppleWebKit/537.36 (KHTML, like Gecko) Chrome/85.0.4183.102 Safari/537.36"
::1 - - [19/Sep/2020:12:34:56 +0000] "POST /login HTTP/1.1" 401 54 "http://localhost:4200/" "Mozilla/5.0 (Windows NT 10.0; Win64; x64) AppleWebKit/537.36 (KHTML, like Gecko) Chrome/85.0.4183.102 Safari/537.36"
::1 - - [19/Sep/2020:12:43:01 +0000] "POST /login HTTP/1.1" 200 208 "http://localhost:4200/" "Mozilla/5.0 (Windows NT 10.0; Win64; x64) AppleWebKit/537.36 (KHTML, like Gecko) Chrome/85.0.4183.102 Safari/537.36"
::1 - - [19/Sep/2020:12:43:03 +0000] "POST /login HTTP/1.1" 200 208 "http://localhost:4200/" "Mozilla/5.0 (Windows NT 10.0; Win64; x64) AppleWebKit/537.36 (KHTML, like Gecko) Chrome/85.0.4183.102 Safari/537.36"
::1 - - [19/Sep/2020:12:43:05 +0000] "POST /login HTTP/1.1" 200 208 "http://localhost:4200/" "Mozilla/5.0 (Windows NT 10.0; Win64; x64) AppleWebKit/537.36 (KHTML, like Gecko) Chrome/85.0.4183.102 Safari/537.36"
::1 - - [19/Sep/2020:12:43:20 +0000] "POST /login HTTP/1.1" 200 208 "http://localhost:4200/" "Mozilla/5.0 (Windows NT 10.0; Win64; x64) AppleWebKit/537.36 (KHTML, like Gecko) Chrome/85.0.4183.102 Safari/537.36"
::1 - - [19/Sep/2020:12:43:22 +0000] "POST /login HTTP/1.1" 200 208 "http://localhost:4200/" "Mozilla/5.0 (Windows NT 10.0; Win64; x64) AppleWebKit/537.36 (KHTML, like Gecko) Chrome/85.0.4183.102 Safari/537.36"
::1 - - [19/Sep/2020:12:44:31 +0000] "POST /login HTTP/1.1" 200 208 "http://localhost:4200/" "Mozilla/5.0 (Windows NT 10.0; Win64; x64) AppleWebKit/537.36 (KHTML, like Gecko) Chrome/85.0.4183.102 Safari/537.36"
::1 - - [19/Sep/2020:12:44:32 +0000] "POST /login HTTP/1.1" 200 208 "http://localhost:4200/" "Mozilla/5.0 (Windows NT 10.0; Win64; x64) AppleWebKit/537.36 (KHTML, like Gecko) Chrome/85.0.4183.102 Safari/537.36"
::1 - - [19/Sep/2020:12:44:33 +0000] "POST /login HTTP/1.1" 200 208 "http://localhost:4200/" "Mozilla/5.0 (Windows NT 10.0; Win64; x64) AppleWebKit/537.36 (KHTML, like Gecko) Chrome/85.0.4183.102 Safari/537.36"
::1 - - [19/Sep/2020:12:44:53 +0000] "POST /login HTTP/1.1" 200 208 "http://localhost:4200/" "Mozilla/5.0 (Windows NT 10.0; Win64; x64) AppleWebKit/537.36 (KHTML, like Gecko) Chrome/85.0.4183.102 Safari/537.36"
::1 - - [19/Sep/2020:12:45:11 +0000] "POST /login HTTP/1.1" 200 208 "http://localhost:4200/" "Mozilla/5.0 (Windows NT 10.0; Win64; x64) AppleWebKit/537.36 (KHTML, like Gecko) Chrome/85.0.4183.102 Safari/537.36"
::1 - - [19/Sep/2020:12:45:13 +0000] "POST /login HTTP/1.1" 200 208 "http://localhost:4200/" "Mozilla/5.0 (Windows NT 10.0; Win64; x64) AppleWebKit/537.36 (KHTML, like Gecko) Chrome/85.0.4183.102 Safari/537.36"
::1 - - [19/Sep/2020:12:45:14 +0000] "POST /login HTTP/1.1" 200 208 "http://localhost:4200/" "Mozilla/5.0 (Windows NT 10.0; Win64; x64) AppleWebKit/537.36 (KHTML, like Gecko) Chrome/85.0.4183.102 Safari/537.36"
::1 - - [19/Sep/2020:12:52:18 +0000] "POST /login HTTP/1.1" 200 208 "http://localhost:4200/" "Mozilla/5.0 (Windows NT 10.0; Win64; x64) AppleWebKit/537.36 (KHTML, like Gecko) Chrome/85.0.4183.102 Safari/537.36"
::1 - - [19/Sep/2020:12:54:08 +0000] "POST /login HTTP/1.1" 200 208 "http://localhost:4200/" "Mozilla/5.0 (Windows NT 10.0; Win64; x64) AppleWebKit/537.36 (KHTML, like Gecko) Chrome/85.0.4183.102 Safari/537.36"
::1 - - [19/Sep/2020:12:56:00 +0000] "POST /login HTTP/1.1" 200 208 "http://localhost:4200/" "Mozilla/5.0 (Windows NT 10.0; Win64; x64) AppleWebKit/537.36 (KHTML, like Gecko) Chrome/85.0.4183.102 Safari/537.36"
::1 - - [19/Sep/2020:12:56:43 +0000] "POST /login HTTP/1.1" 200 208 "http://localhost:4200/" "Mozilla/5.0 (Windows NT 10.0; Win64; x64) AppleWebKit/537.36 (KHTML, like Gecko) Chrome/85.0.4183.102 Safari/537.36"
::1 - - [19/Sep/2020:12:56:54 +0000] "POST /login HTTP/1.1" 200 208 "http://localhost:4200/" "Mozilla/5.0 (Windows NT 10.0; Win64; x64) AppleWebKit/537.36 (KHTML, like Gecko) Chrome/85.0.4183.102 Safari/537.36"
::1 - - [19/Sep/2020:12:59:35 +0000] "POST /login HTTP/1.1" 200 208 "http://localhost:4200/" "Mozilla/5.0 (Windows NT 10.0; Win64; x64) AppleWebKit/537.36 (KHTML, like Gecko) Chrome/85.0.4183.102 Safari/537.36"
::1 - - [19/Sep/2020:13:03:12 +0000] "POST /login HTTP/1.1" 200 208 "http://localhost:4200/" "Mozilla/5.0 (Windows NT 10.0; Win64; x64) AppleWebKit/537.36 (KHTML, like Gecko) Chrome/85.0.4183.102 Safari/537.36"
::1 - - [19/Sep/2020:13:03:13 +0000] "POST /login HTTP/1.1" 200 208 "http://localhost:4200/" "Mozilla/5.0 (Windows NT 10.0; Win64; x64) AppleWebKit/537.36 (KHTML, like Gecko) Chrome/85.0.4183.102 Safari/537.36"
::1 - - [19/Sep/2020:13:03:13 +0000] "POST /login HTTP/1.1" 200 208 "http://localhost:4200/" "Mozilla/5.0 (Windows NT 10.0; Win64; x64) AppleWebKit/537.36 (KHTML, like Gecko) Chrome/85.0.4183.102 Safari/537.36"
::1 - - [19/Sep/2020:13:03:13 +0000] "POST /login HTTP/1.1" 200 208 "http://localhost:4200/" "Mozilla/5.0 (Windows NT 10.0; Win64; x64) AppleWebKit/537.36 (KHTML, like Gecko) Chrome/85.0.4183.102 Safari/537.36"
::1 - - [19/Sep/2020:13:21:30 +0000] "POST /login HTTP/1.1" 200 208 "http://localhost:4200/" "Mozilla/5.0 (Windows NT 10.0; Win64; x64) AppleWebKit/537.36 (KHTML, like Gecko) Chrome/85.0.4183.102 Safari/537.36"
::1 - - [19/Sep/2020:13:21:59 +0000] "POST /login HTTP/1.1" 401 41 "http://localhost:4200/" "Mozilla/5.0 (Windows NT 10.0; Win64; x64) AppleWebKit/537.36 (KHTML, like Gecko) Chrome/85.0.4183.102 Safari/537.36"
::1 - - [19/Sep/2020:13:22:01 +0000] "POST /login HTTP/1.1" 200 208 "http://localhost:4200/" "Mozilla/5.0 (Windows NT 10.0; Win64; x64) AppleWebKit/537.36 (KHTML, like Gecko) Chrome/85.0.4183.102 Safari/537.36"
::1 - - [19/Sep/2020:13:24:16 +0000] "POST /login HTTP/1.1" 401 54 "http://localhost:4200/" "Mozilla/5.0 (Windows NT 10.0; Win64; x64) AppleWebKit/537.36 (KHTML, like Gecko) Chrome/85.0.4183.102 Safari/537.36"
::1 - - [19/Sep/2020:13:24:19 +0000] "POST /login HTTP/1.1" 401 54 "http://localhost:4200/" "Mozilla/5.0 (Windows NT 10.0; Win64; x64) AppleWebKit/537.36 (KHTML, like Gecko) Chrome/85.0.4183.102 Safari/537.36"
::1 - - [19/Sep/2020:13:24:34 +0000] "POST /login HTTP/1.1" 401 54 "http://localhost:4200/" "Mozilla/5.0 (Windows NT 10.0; Win64; x64) AppleWebKit/537.36 (KHTML, like Gecko) Chrome/85.0.4183.102 Safari/537.36"
::1 - - [19/Sep/2020:13:24:47 +0000] "POST /login HTTP/1.1" 401 54 "http://localhost:4200/" "Mozilla/5.0 (Windows NT 10.0; Win64; x64) AppleWebKit/537.36 (KHTML, like Gecko) Chrome/85.0.4183.102 Safari/537.36"
::1 - - [19/Sep/2020:13:24:49 +0000] "POST /login HTTP/1.1" 401 54 "http://localhost:4200/" "Mozilla/5.0 (Windows NT 10.0; Win64; x64) AppleWebKit/537.36 (KHTML, like Gecko) Chrome/85.0.4183.102 Safari/537.36"
::1 - - [19/Sep/2020:13:24:53 +0000] "POST /login HTTP/1.1" 401 54 "http://localhost:4200/" "Mozilla/5.0 (Windows NT 10.0; Win64; x64) AppleWebKit/537.36 (KHTML, like Gecko) Chrome/85.0.4183.102 Safari/537.36"
::1 - - [19/Sep/2020:13:24:55 +0000] "POST /login HTTP/1.1" 401 54 "http://localhost:4200/" "Mozilla/5.0 (Windows NT 10.0; Win64; x64) AppleWebKit/537.36 (KHTML, like Gecko) Chrome/85.0.4183.102 Safari/537.36"
::1 - - [19/Sep/2020:13:24:56 +0000] "POST /login HTTP/1.1" 401 54 "http://localhost:4200/" "Mozilla/5.0 (Windows NT 10.0; Win64; x64) AppleWebKit/537.36 (KHTML, like Gecko) Chrome/85.0.4183.102 Safari/537.36"
::1 - - [19/Sep/2020:13:25:05 +0000] "POST /login HTTP/1.1" 200 208 "http://localhost:4200/" "Mozilla/5.0 (Windows NT 10.0; Win64; x64) AppleWebKit/537.36 (KHTML, like Gecko) Chrome/85.0.4183.102 Safari/537.36"
